<?xml version="1.0" encoding="UTF-8"?>
<!-- Generated by org.testng.reporters.JUnitReportReporter -->
<testsuite hostname="PC_NXM_Chafii" name="TestRunner" tests="1" failures="0" timestamp="16 Jun 2020 01:47:28 GMT" time="11.659" errors="0">
  <testcase name="feature" time="11.659" classname="TestRunner"/>
</testsuite> <!-- TestRunner -->
